10:32:42.496 [main] INFO  com.alphastar.ClientApplication - Starting ClientApplication on THEBEAST with PID 16696 (C:\source\SSLContainer\Client\target\classes started by rohan in C:\source\SSLContainer\Client)
10:32:42.503 [main] INFO  com.alphastar.ClientApplication - No active profile set, falling back to default profiles: default
10:32:42.553 [main] INFO  o.s.c.a.AnnotationConfigApplicationContext - Refreshing org.springframework.context.annotation.AnnotationConfigApplicationContext@45d2ade3: startup date [Sun Jul 07 10:32:42 AEST 2019]; root of context hierarchy
10:32:43.051 [main] INFO  c.a.ClientApplication$$EnhancerBySpringCGLIB$$c56caede - *** SSLClientApplication has started ***
10:32:43.051 [main] INFO  c.a.ClientApplication$$EnhancerBySpringCGLIB$$c56caede - *** SSLClientApplication has started ***
10:32:43.051 [main] INFO  c.a.ClientApplication$$EnhancerBySpringCGLIB$$c56caede - *** SSLClientApplication has started ***
10:32:43.051 [main] INFO  c.a.ClientApplication$$EnhancerBySpringCGLIB$$c56caede - *** SSLClientApplication has started ***
10:32:43.066 [main] WARN  o.s.c.a.AnnotationConfigApplicationContext - Exception encountered during context initialization - cancelling refresh attempt: org.springframework.beans.factory.BeanCreationException: Error creating bean with name 'httpClientSend': Invocation of init method failed; nested exception is java.lang.RuntimeException: java.io.IOException: Keystore was tampered with, or password was incorrect
10:32:43.072 [main] INFO  o.s.b.a.l.ConditionEvaluationReportLoggingListener - 

Error starting ApplicationContext. To display the conditions report re-run your application with 'debug' enabled.
10:32:43.077 [main] ERROR o.s.boot.SpringApplication - Application run failed
org.springframework.beans.factory.BeanCreationException: Error creating bean with name 'httpClientSend': Invocation of init method failed; nested exception is java.lang.RuntimeException: java.io.IOException: Keystore was tampered with, or password was incorrect
	at org.springframework.beans.factory.annotation.InitDestroyAnnotationBeanPostProcessor.postProcessBeforeInitialization(InitDestroyAnnotationBeanPostProcessor.java:139)
	at org.springframework.beans.factory.support.AbstractAutowireCapableBeanFactory.applyBeanPostProcessorsBeforeInitialization(AbstractAutowireCapableBeanFactory.java:416)
	at org.springframework.beans.factory.support.AbstractAutowireCapableBeanFactory.initializeBean(AbstractAutowireCapableBeanFactory.java:1691)
	at org.springframework.beans.factory.support.AbstractAutowireCapableBeanFactory.doCreateBean(AbstractAutowireCapableBeanFactory.java:573)
	at org.springframework.beans.factory.support.AbstractAutowireCapableBeanFactory.createBean(AbstractAutowireCapableBeanFactory.java:495)
	at org.springframework.beans.factory.support.AbstractBeanFactory.lambda$doGetBean$0(AbstractBeanFactory.java:317)
	at org.springframework.beans.factory.support.DefaultSingletonBeanRegistry.getSingleton(DefaultSingletonBeanRegistry.java:222)
	at org.springframework.beans.factory.support.AbstractBeanFactory.doGetBean(AbstractBeanFactory.java:315)
	at org.springframework.beans.factory.support.AbstractBeanFactory.getBean(AbstractBeanFactory.java:199)
	at org.springframework.beans.factory.support.DefaultListableBeanFactory.preInstantiateSingletons(DefaultListableBeanFactory.java:759)
	at org.springframework.context.support.AbstractApplicationContext.finishBeanFactoryInitialization(AbstractApplicationContext.java:869)
	at org.springframework.context.support.AbstractApplicationContext.refresh(AbstractApplicationContext.java:550)
	at org.springframework.boot.SpringApplication.refresh(SpringApplication.java:780)
	at org.springframework.boot.SpringApplication.refreshContext(SpringApplication.java:412)
	at org.springframework.boot.SpringApplication.run(SpringApplication.java:333)
	at org.springframework.boot.SpringApplication.run(SpringApplication.java:1277)
	at org.springframework.boot.SpringApplication.run(SpringApplication.java:1265)
	at com.alphastar.ClientApplication.main(ClientApplication.java:20)
Caused by: java.lang.RuntimeException: java.io.IOException: Keystore was tampered with, or password was incorrect
	at com.alphastar.service.HttpClientSend.go(HttpClientSend.java:101)
	at sun.reflect.NativeMethodAccessorImpl.invoke0(Native Method)
	at sun.reflect.NativeMethodAccessorImpl.invoke(NativeMethodAccessorImpl.java:62)
	at sun.reflect.DelegatingMethodAccessorImpl.invoke(DelegatingMethodAccessorImpl.java:43)
	at java.lang.reflect.Method.invoke(Method.java:498)
	at org.springframework.beans.factory.annotation.InitDestroyAnnotationBeanPostProcessor$LifecycleElement.invoke(InitDestroyAnnotationBeanPostProcessor.java:366)
	at org.springframework.beans.factory.annotation.InitDestroyAnnotationBeanPostProcessor$LifecycleMetadata.invokeInitMethods(InitDestroyAnnotationBeanPostProcessor.java:309)
	at org.springframework.beans.factory.annotation.InitDestroyAnnotationBeanPostProcessor.postProcessBeforeInitialization(InitDestroyAnnotationBeanPostProcessor.java:136)
	... 17 common frames omitted
Caused by: java.io.IOException: Keystore was tampered with, or password was incorrect
	at sun.security.provider.JavaKeyStore.engineLoad(JavaKeyStore.java:780)
	at sun.security.provider.JavaKeyStore$JKS.engineLoad(JavaKeyStore.java:56)
	at sun.security.provider.KeyStoreDelegator.engineLoad(KeyStoreDelegator.java:224)
	at sun.security.provider.JavaKeyStore$DualFormatJKS.engineLoad(JavaKeyStore.java:70)
	at java.security.KeyStore.load(KeyStore.java:1445)
	at com.alphastar.service.HttpClientSend.go(HttpClientSend.java:48)
	... 24 common frames omitted
Caused by: java.security.UnrecoverableKeyException: Password verification failed
	at sun.security.provider.JavaKeyStore.engineLoad(JavaKeyStore.java:778)
	... 29 common frames omitted
10:36:05.562 [main] INFO  com.alphastar.ClientApplication - Starting ClientApplication on THEBEAST with PID 15236 (C:\source\SSLContainer\Client\target\classes started by rohan in C:\source\SSLContainer\Client)
10:36:05.564 [main] INFO  com.alphastar.ClientApplication - No active profile set, falling back to default profiles: default
10:36:05.598 [main] INFO  o.s.c.a.AnnotationConfigApplicationContext - Refreshing org.springframework.context.annotation.AnnotationConfigApplicationContext@436a4e4b: startup date [Sun Jul 07 10:36:05 AEST 2019]; root of context hierarchy
10:36:05.923 [main] INFO  c.a.ClientApplication$$EnhancerBySpringCGLIB$$ee737b4 - *** SSLClientApplication has started ***
10:36:05.923 [main] INFO  c.a.ClientApplication$$EnhancerBySpringCGLIB$$ee737b4 - *** SSLClientApplication has started ***
10:36:05.923 [main] INFO  c.a.ClientApplication$$EnhancerBySpringCGLIB$$ee737b4 - *** SSLClientApplication has started ***
10:36:05.923 [main] INFO  c.a.ClientApplication$$EnhancerBySpringCGLIB$$ee737b4 - *** SSLClientApplication has started ***
10:36:05.945 [main] WARN  o.s.c.a.AnnotationConfigApplicationContext - Exception encountered during context initialization - cancelling refresh attempt: org.springframework.beans.factory.BeanCreationException: Error creating bean with name 'httpClientSend': Invocation of init method failed; nested exception is java.lang.RuntimeException: java.io.IOException: Keystore was tampered with, or password was incorrect
10:36:05.949 [main] INFO  o.s.b.a.l.ConditionEvaluationReportLoggingListener - 

Error starting ApplicationContext. To display the conditions report re-run your application with 'debug' enabled.
10:36:05.953 [main] ERROR o.s.boot.SpringApplication - Application run failed
org.springframework.beans.factory.BeanCreationException: Error creating bean with name 'httpClientSend': Invocation of init method failed; nested exception is java.lang.RuntimeException: java.io.IOException: Keystore was tampered with, or password was incorrect
	at org.springframework.beans.factory.annotation.InitDestroyAnnotationBeanPostProcessor.postProcessBeforeInitialization(InitDestroyAnnotationBeanPostProcessor.java:139)
	at org.springframework.beans.factory.support.AbstractAutowireCapableBeanFactory.applyBeanPostProcessorsBeforeInitialization(AbstractAutowireCapableBeanFactory.java:416)
	at org.springframework.beans.factory.support.AbstractAutowireCapableBeanFactory.initializeBean(AbstractAutowireCapableBeanFactory.java:1691)
	at org.springframework.beans.factory.support.AbstractAutowireCapableBeanFactory.doCreateBean(AbstractAutowireCapableBeanFactory.java:573)
	at org.springframework.beans.factory.support.AbstractAutowireCapableBeanFactory.createBean(AbstractAutowireCapableBeanFactory.java:495)
	at org.springframework.beans.factory.support.AbstractBeanFactory.lambda$doGetBean$0(AbstractBeanFactory.java:317)
	at org.springframework.beans.factory.support.DefaultSingletonBeanRegistry.getSingleton(DefaultSingletonBeanRegistry.java:222)
	at org.springframework.beans.factory.support.AbstractBeanFactory.doGetBean(AbstractBeanFactory.java:315)
	at org.springframework.beans.factory.support.AbstractBeanFactory.getBean(AbstractBeanFactory.java:199)
	at org.springframework.beans.factory.support.DefaultListableBeanFactory.preInstantiateSingletons(DefaultListableBeanFactory.java:759)
	at org.springframework.context.support.AbstractApplicationContext.finishBeanFactoryInitialization(AbstractApplicationContext.java:869)
	at org.springframework.context.support.AbstractApplicationContext.refresh(AbstractApplicationContext.java:550)
	at org.springframework.boot.SpringApplication.refresh(SpringApplication.java:780)
	at org.springframework.boot.SpringApplication.refreshContext(SpringApplication.java:412)
	at org.springframework.boot.SpringApplication.run(SpringApplication.java:333)
	at org.springframework.boot.SpringApplication.run(SpringApplication.java:1277)
	at org.springframework.boot.SpringApplication.run(SpringApplication.java:1265)
	at com.alphastar.ClientApplication.main(ClientApplication.java:20)
Caused by: java.lang.RuntimeException: java.io.IOException: Keystore was tampered with, or password was incorrect
	at com.alphastar.service.HttpClientSend.go(HttpClientSend.java:101)
	at sun.reflect.NativeMethodAccessorImpl.invoke0(Native Method)
	at sun.reflect.NativeMethodAccessorImpl.invoke(NativeMethodAccessorImpl.java:62)
	at sun.reflect.DelegatingMethodAccessorImpl.invoke(DelegatingMethodAccessorImpl.java:43)
	at java.lang.reflect.Method.invoke(Method.java:498)
	at org.springframework.beans.factory.annotation.InitDestroyAnnotationBeanPostProcessor$LifecycleElement.invoke(InitDestroyAnnotationBeanPostProcessor.java:366)
	at org.springframework.beans.factory.annotation.InitDestroyAnnotationBeanPostProcessor$LifecycleMetadata.invokeInitMethods(InitDestroyAnnotationBeanPostProcessor.java:309)
	at org.springframework.beans.factory.annotation.InitDestroyAnnotationBeanPostProcessor.postProcessBeforeInitialization(InitDestroyAnnotationBeanPostProcessor.java:136)
	... 17 common frames omitted
Caused by: java.io.IOException: Keystore was tampered with, or password was incorrect
	at sun.security.provider.JavaKeyStore.engineLoad(JavaKeyStore.java:780)
	at sun.security.provider.JavaKeyStore$JKS.engineLoad(JavaKeyStore.java:56)
	at sun.security.provider.KeyStoreDelegator.engineLoad(KeyStoreDelegator.java:224)
	at sun.security.provider.JavaKeyStore$DualFormatJKS.engineLoad(JavaKeyStore.java:70)
	at java.security.KeyStore.load(KeyStore.java:1445)
	at com.alphastar.service.HttpClientSend.go(HttpClientSend.java:48)
	... 24 common frames omitted
Caused by: java.security.UnrecoverableKeyException: Password verification failed
	at sun.security.provider.JavaKeyStore.engineLoad(JavaKeyStore.java:778)
	... 29 common frames omitted
10:37:19.367 [main] INFO  com.alphastar.ClientApplication - Starting ClientApplication on THEBEAST with PID 16448 (C:\source\SSLContainer\Client\target\classes started by rohan in C:\source\SSLContainer\Client)
10:37:19.370 [main] INFO  com.alphastar.ClientApplication - No active profile set, falling back to default profiles: default
10:37:19.403 [main] INFO  o.s.c.a.AnnotationConfigApplicationContext - Refreshing org.springframework.context.annotation.AnnotationConfigApplicationContext@f2f2cc1: startup date [Sun Jul 07 10:37:19 AEST 2019]; root of context hierarchy
10:37:19.723 [main] INFO  c.a.ClientApplication$$EnhancerBySpringCGLIB$$783ae579 - *** SSLClientApplication has started ***
10:37:19.723 [main] INFO  c.a.ClientApplication$$EnhancerBySpringCGLIB$$783ae579 - *** SSLClientApplication has started ***
10:37:19.723 [main] INFO  c.a.ClientApplication$$EnhancerBySpringCGLIB$$783ae579 - *** SSLClientApplication has started ***
10:37:19.723 [main] INFO  c.a.ClientApplication$$EnhancerBySpringCGLIB$$783ae579 - *** SSLClientApplication has started ***
10:37:20.140 [main] INFO  com.alphastar.service.HttpClientSend - [GOLD] MUTUAL AUTH SSL ONLY
10:37:20.390 [main] INFO  com.alphastar.service.HttpClientSend - Response Code: 500
10:37:20.391 [main] INFO  com.alphastar.service.HttpClientSend - [BRONZE] FORBIDDEN BY ANTMATCHER
10:37:20.405 [main] INFO  com.alphastar.service.HttpClientSend - Response Code: 500
10:37:20.406 [main] INFO  com.alphastar.service.HttpClientSend - [SILVER] ALLOW ALL BY ANTMATCHER
10:37:20.421 [main] INFO  com.alphastar.service.HttpClientSend - Response Code: 500
10:37:20.625 [main] INFO  o.s.j.e.a.AnnotationMBeanExporter - Registering beans for JMX exposure on startup
10:37:20.637 [main] INFO  com.alphastar.ClientApplication - Started ClientApplication in 1.456 seconds (JVM running for 1.82)
10:37:20.642 [Thread-2] INFO  o.s.c.a.AnnotationConfigApplicationContext - Closing org.springframework.context.annotation.AnnotationConfigApplicationContext@f2f2cc1: startup date [Sun Jul 07 10:37:19 AEST 2019]; root of context hierarchy
10:37:20.643 [Thread-2] INFO  o.s.j.e.a.AnnotationMBeanExporter - Unregistering JMX-exposed beans on shutdown
10:43:06.966 [main] INFO  com.alphastar.ClientApplication - Starting ClientApplication on THEBEAST with PID 18532 (C:\source\SSLContainer\Client\target\classes started by rohan in C:\source\SSLContainer\Client)
10:43:06.969 [main] INFO  com.alphastar.ClientApplication - No active profile set, falling back to default profiles: default
10:43:07.005 [main] INFO  o.s.c.a.AnnotationConfigApplicationContext - Refreshing org.springframework.context.annotation.AnnotationConfigApplicationContext@3a079870: startup date [Sun Jul 07 10:43:07 AEST 2019]; root of context hierarchy
10:43:07.334 [main] INFO  c.a.ClientApplication$$EnhancerBySpringCGLIB$$f67def5 - *** SSLClientApplication has started ***
10:43:07.334 [main] INFO  c.a.ClientApplication$$EnhancerBySpringCGLIB$$f67def5 - *** SSLClientApplication has started ***
10:43:07.334 [main] INFO  c.a.ClientApplication$$EnhancerBySpringCGLIB$$f67def5 - *** SSLClientApplication has started ***
10:43:07.334 [main] INFO  c.a.ClientApplication$$EnhancerBySpringCGLIB$$f67def5 - *** SSLClientApplication has started ***
10:43:07.744 [main] INFO  com.alphastar.service.HttpClientSend - [GOLD] MUTUAL AUTH SSL ONLY
10:43:09.779 [main] WARN  o.s.c.a.AnnotationConfigApplicationContext - Exception encountered during context initialization - cancelling refresh attempt: org.springframework.beans.factory.BeanCreationException: Error creating bean with name 'httpClientSend': Invocation of init method failed; nested exception is java.lang.RuntimeException: org.apache.http.conn.HttpHostConnectException: Connect to localhost:8443 [localhost/127.0.0.1, localhost/0:0:0:0:0:0:0:1] failed: Connection refused: connect
10:43:09.786 [main] INFO  o.s.b.a.l.ConditionEvaluationReportLoggingListener - 

Error starting ApplicationContext. To display the conditions report re-run your application with 'debug' enabled.
10:43:09.789 [main] ERROR o.s.boot.SpringApplication - Application run failed
org.springframework.beans.factory.BeanCreationException: Error creating bean with name 'httpClientSend': Invocation of init method failed; nested exception is java.lang.RuntimeException: org.apache.http.conn.HttpHostConnectException: Connect to localhost:8443 [localhost/127.0.0.1, localhost/0:0:0:0:0:0:0:1] failed: Connection refused: connect
	at org.springframework.beans.factory.annotation.InitDestroyAnnotationBeanPostProcessor.postProcessBeforeInitialization(InitDestroyAnnotationBeanPostProcessor.java:139)
	at org.springframework.beans.factory.support.AbstractAutowireCapableBeanFactory.applyBeanPostProcessorsBeforeInitialization(AbstractAutowireCapableBeanFactory.java:416)
	at org.springframework.beans.factory.support.AbstractAutowireCapableBeanFactory.initializeBean(AbstractAutowireCapableBeanFactory.java:1691)
	at org.springframework.beans.factory.support.AbstractAutowireCapableBeanFactory.doCreateBean(AbstractAutowireCapableBeanFactory.java:573)
	at org.springframework.beans.factory.support.AbstractAutowireCapableBeanFactory.createBean(AbstractAutowireCapableBeanFactory.java:495)
	at org.springframework.beans.factory.support.AbstractBeanFactory.lambda$doGetBean$0(AbstractBeanFactory.java:317)
	at org.springframework.beans.factory.support.DefaultSingletonBeanRegistry.getSingleton(DefaultSingletonBeanRegistry.java:222)
	at org.springframework.beans.factory.support.AbstractBeanFactory.doGetBean(AbstractBeanFactory.java:315)
	at org.springframework.beans.factory.support.AbstractBeanFactory.getBean(AbstractBeanFactory.java:199)
	at org.springframework.beans.factory.support.DefaultListableBeanFactory.preInstantiateSingletons(DefaultListableBeanFactory.java:759)
	at org.springframework.context.support.AbstractApplicationContext.finishBeanFactoryInitialization(AbstractApplicationContext.java:869)
	at org.springframework.context.support.AbstractApplicationContext.refresh(AbstractApplicationContext.java:550)
	at org.springframework.boot.SpringApplication.refresh(SpringApplication.java:780)
	at org.springframework.boot.SpringApplication.refreshContext(SpringApplication.java:412)
	at org.springframework.boot.SpringApplication.run(SpringApplication.java:333)
	at org.springframework.boot.SpringApplication.run(SpringApplication.java:1277)
	at org.springframework.boot.SpringApplication.run(SpringApplication.java:1265)
	at com.alphastar.ClientApplication.main(ClientApplication.java:20)
Caused by: java.lang.RuntimeException: org.apache.http.conn.HttpHostConnectException: Connect to localhost:8443 [localhost/127.0.0.1, localhost/0:0:0:0:0:0:0:1] failed: Connection refused: connect
	at com.alphastar.service.HttpClientSend.go(HttpClientSend.java:101)
	at sun.reflect.NativeMethodAccessorImpl.invoke0(Native Method)
	at sun.reflect.NativeMethodAccessorImpl.invoke(NativeMethodAccessorImpl.java:62)
	at sun.reflect.DelegatingMethodAccessorImpl.invoke(DelegatingMethodAccessorImpl.java:43)
	at java.lang.reflect.Method.invoke(Method.java:498)
	at org.springframework.beans.factory.annotation.InitDestroyAnnotationBeanPostProcessor$LifecycleElement.invoke(InitDestroyAnnotationBeanPostProcessor.java:366)
	at org.springframework.beans.factory.annotation.InitDestroyAnnotationBeanPostProcessor$LifecycleMetadata.invokeInitMethods(InitDestroyAnnotationBeanPostProcessor.java:309)
	at org.springframework.beans.factory.annotation.InitDestroyAnnotationBeanPostProcessor.postProcessBeforeInitialization(InitDestroyAnnotationBeanPostProcessor.java:136)
	... 17 common frames omitted
Caused by: org.apache.http.conn.HttpHostConnectException: Connect to localhost:8443 [localhost/127.0.0.1, localhost/0:0:0:0:0:0:0:1] failed: Connection refused: connect
	at org.apache.http.impl.conn.DefaultHttpClientConnectionOperator.connect(DefaultHttpClientConnectionOperator.java:156)
	at org.apache.http.impl.conn.PoolingHttpClientConnectionManager.connect(PoolingHttpClientConnectionManager.java:374)
	at org.apache.http.impl.execchain.MainClientExec.establishRoute(MainClientExec.java:393)
	at org.apache.http.impl.execchain.MainClientExec.execute(MainClientExec.java:236)
	at org.apache.http.impl.execchain.ProtocolExec.execute(ProtocolExec.java:186)
	at org.apache.http.impl.execchain.RetryExec.execute(RetryExec.java:89)
	at org.apache.http.impl.execchain.RedirectExec.execute(RedirectExec.java:110)
	at org.apache.http.impl.client.InternalHttpClient.doExecute(InternalHttpClient.java:185)
	at org.apache.http.impl.client.CloseableHttpClient.execute(CloseableHttpClient.java:83)
	at org.apache.http.impl.client.CloseableHttpClient.execute(CloseableHttpClient.java:108)
	at com.alphastar.service.HttpClientSend.go(HttpClientSend.java:85)
	... 24 common frames omitted
Caused by: java.net.ConnectException: Connection refused: connect
	at java.net.DualStackPlainSocketImpl.connect0(Native Method)
	at java.net.DualStackPlainSocketImpl.socketConnect(DualStackPlainSocketImpl.java:79)
	at java.net.AbstractPlainSocketImpl.doConnect(AbstractPlainSocketImpl.java:350)
	at java.net.AbstractPlainSocketImpl.connectToAddress(AbstractPlainSocketImpl.java:206)
	at java.net.AbstractPlainSocketImpl.connect(AbstractPlainSocketImpl.java:188)
	at java.net.PlainSocketImpl.connect(PlainSocketImpl.java:172)
	at java.net.SocksSocketImpl.connect(SocksSocketImpl.java:392)
	at java.net.Socket.connect(Socket.java:589)
	at org.apache.http.conn.ssl.SSLConnectionSocketFactory.connectSocket(SSLConnectionSocketFactory.java:368)
	at org.apache.http.impl.conn.DefaultHttpClientConnectionOperator.connect(DefaultHttpClientConnectionOperator.java:142)
	... 34 common frames omitted
10:44:17.679 [main] INFO  com.alphastar.ClientApplication - Starting ClientApplication on THEBEAST with PID 1692 (C:\source\SSLContainer\Client\target\classes started by rohan in C:\source\SSLContainer\Client)
10:44:17.681 [main] INFO  com.alphastar.ClientApplication - No active profile set, falling back to default profiles: default
10:44:17.716 [main] INFO  o.s.c.a.AnnotationConfigApplicationContext - Refreshing org.springframework.context.annotation.AnnotationConfigApplicationContext@2aa5fe93: startup date [Sun Jul 07 10:44:17 AEST 2019]; root of context hierarchy
10:44:18.042 [main] INFO  c.a.ClientApplication$$EnhancerBySpringCGLIB$$6e1dd23d - *** SSLClientApplication has started ***
10:44:18.043 [main] INFO  c.a.ClientApplication$$EnhancerBySpringCGLIB$$6e1dd23d - *** SSLClientApplication has started ***
10:44:18.043 [main] INFO  c.a.ClientApplication$$EnhancerBySpringCGLIB$$6e1dd23d - *** SSLClientApplication has started ***
10:44:18.043 [main] INFO  c.a.ClientApplication$$EnhancerBySpringCGLIB$$6e1dd23d - *** SSLClientApplication has started ***
10:44:18.460 [main] INFO  com.alphastar.service.HttpClientSend - [GOLD] MUTUAL AUTH SSL ONLY
10:44:18.798 [main] INFO  com.alphastar.service.HttpClientSend - Response Code: 200
10:44:18.799 [main] INFO  com.alphastar.service.HttpClientSend - [BRONZE] FORBIDDEN BY ANTMATCHER
10:44:18.828 [main] INFO  com.alphastar.service.HttpClientSend - Response Code: 403
10:44:18.829 [main] INFO  com.alphastar.service.HttpClientSend - [SILVER] ALLOW ALL BY ANTMATCHER
10:44:18.846 [main] INFO  com.alphastar.service.HttpClientSend - Response Code: 200
10:44:19.040 [main] INFO  o.s.j.e.a.AnnotationMBeanExporter - Registering beans for JMX exposure on startup
10:44:19.053 [main] INFO  com.alphastar.ClientApplication - Started ClientApplication in 1.565 seconds (JVM running for 1.924)
10:44:19.056 [Thread-2] INFO  o.s.c.a.AnnotationConfigApplicationContext - Closing org.springframework.context.annotation.AnnotationConfigApplicationContext@2aa5fe93: startup date [Sun Jul 07 10:44:17 AEST 2019]; root of context hierarchy
10:44:19.057 [Thread-2] INFO  o.s.j.e.a.AnnotationMBeanExporter - Unregistering JMX-exposed beans on shutdown
10:45:37.857 [main] INFO  com.alphastar.ClientApplication - Starting ClientApplication on THEBEAST with PID 6952 (C:\source\SSLContainer\Client\target\classes started by rohan in C:\source\SSLContainer\Client)
10:45:37.863 [main] INFO  com.alphastar.ClientApplication - No active profile set, falling back to default profiles: default
10:45:37.919 [main] INFO  o.s.c.a.AnnotationConfigApplicationContext - Refreshing org.springframework.context.annotation.AnnotationConfigApplicationContext@2474f125: startup date [Sun Jul 07 10:45:37 AEST 2019]; root of context hierarchy
10:45:38.448 [main] INFO  c.a.ClientApplication$$EnhancerBySpringCGLIB$$effe9532 - *** SSLClientApplication has started ***
10:45:38.448 [main] INFO  c.a.ClientApplication$$EnhancerBySpringCGLIB$$effe9532 - *** SSLClientApplication has started ***
10:45:38.448 [main] INFO  c.a.ClientApplication$$EnhancerBySpringCGLIB$$effe9532 - *** SSLClientApplication has started ***
10:45:38.448 [main] INFO  c.a.ClientApplication$$EnhancerBySpringCGLIB$$effe9532 - *** SSLClientApplication has started ***
10:46:05.641 [main] INFO  com.alphastar.ClientApplication - Starting ClientApplication on THEBEAST with PID 8736 (C:\source\SSLContainer\Client\target\classes started by rohan in C:\source\SSLContainer\Client)
10:46:05.644 [main] INFO  com.alphastar.ClientApplication - No active profile set, falling back to default profiles: default
10:46:05.679 [main] INFO  o.s.c.a.AnnotationConfigApplicationContext - Refreshing org.springframework.context.annotation.AnnotationConfigApplicationContext@37e547da: startup date [Sun Jul 07 10:46:05 AEST 2019]; root of context hierarchy
10:46:05.993 [main] INFO  c.a.ClientApplication$$EnhancerBySpringCGLIB$$6e1dd23d - *** SSLClientApplication has started ***
10:46:05.993 [main] INFO  c.a.ClientApplication$$EnhancerBySpringCGLIB$$6e1dd23d - *** SSLClientApplication has started ***
10:46:05.993 [main] INFO  c.a.ClientApplication$$EnhancerBySpringCGLIB$$6e1dd23d - *** SSLClientApplication has started ***
10:46:05.993 [main] INFO  c.a.ClientApplication$$EnhancerBySpringCGLIB$$6e1dd23d - *** SSLClientApplication has started ***
10:46:06.405 [main] INFO  com.alphastar.service.HttpClientSend - [GOLD] MUTUAL AUTH SSL ONLY
10:51:27.205 [main] INFO  com.alphastar.ClientApplication - Starting ClientApplication on THEBEAST with PID 21540 (C:\source\SSLContainer\Client\target\classes started by rohan in C:\source\SSLContainer\Client)
10:51:27.208 [main] INFO  com.alphastar.ClientApplication - No active profile set, falling back to default profiles: default
10:51:27.244 [main] INFO  o.s.c.a.AnnotationConfigApplicationContext - Refreshing org.springframework.context.annotation.AnnotationConfigApplicationContext@436a4e4b: startup date [Sun Jul 07 10:51:27 AEST 2019]; root of context hierarchy
10:51:27.593 [main] INFO  c.a.ClientApplication$$EnhancerBySpringCGLIB$$d58895e3 - *** SSLClientApplication has started ***
10:51:27.593 [main] INFO  c.a.ClientApplication$$EnhancerBySpringCGLIB$$d58895e3 - *** SSLClientApplication has started ***
10:51:27.593 [main] INFO  c.a.ClientApplication$$EnhancerBySpringCGLIB$$d58895e3 - *** SSLClientApplication has started ***
10:51:27.593 [main] INFO  c.a.ClientApplication$$EnhancerBySpringCGLIB$$d58895e3 - *** SSLClientApplication has started ***
10:51:28.006 [main] INFO  com.alphastar.service.HttpClientSend - [GOLD] MUTUAL AUTH SSL ONLY
10:51:28.235 [main] INFO  com.alphastar.service.HttpClientSend - Response Code: 500
10:51:28.236 [main] INFO  com.alphastar.service.HttpClientSend - [BRONZE] FORBIDDEN BY ANTMATCHER
10:51:28.246 [main] INFO  com.alphastar.service.HttpClientSend - Response Code: 500
10:51:28.246 [main] INFO  com.alphastar.service.HttpClientSend - [SILVER] ALLOW ALL BY ANTMATCHER
10:51:28.259 [main] INFO  com.alphastar.service.HttpClientSend - Response Code: 500
10:51:28.490 [main] INFO  o.s.j.e.a.AnnotationMBeanExporter - Registering beans for JMX exposure on startup
10:51:28.504 [main] INFO  com.alphastar.ClientApplication - Started ClientApplication in 1.485 seconds (JVM running for 1.832)
10:51:28.507 [Thread-2] INFO  o.s.c.a.AnnotationConfigApplicationContext - Closing org.springframework.context.annotation.AnnotationConfigApplicationContext@436a4e4b: startup date [Sun Jul 07 10:51:27 AEST 2019]; root of context hierarchy
10:51:28.508 [Thread-2] INFO  o.s.j.e.a.AnnotationMBeanExporter - Unregistering JMX-exposed beans on shutdown
10:52:31.413 [main] INFO  com.alphastar.ClientApplication - Starting ClientApplication on THEBEAST with PID 10008 (C:\source\SSLContainer\Client\target\classes started by rohan in C:\source\SSLContainer\Client)
10:52:31.416 [main] INFO  com.alphastar.ClientApplication - No active profile set, falling back to default profiles: default
10:52:31.450 [main] INFO  o.s.c.a.AnnotationConfigApplicationContext - Refreshing org.springframework.context.annotation.AnnotationConfigApplicationContext@657c8ad9: startup date [Sun Jul 07 10:52:31 AEST 2019]; root of context hierarchy
10:52:31.770 [main] INFO  c.a.ClientApplication$$EnhancerBySpringCGLIB$$f0e284eb - *** SSLClientApplication has started ***
10:52:31.770 [main] INFO  c.a.ClientApplication$$EnhancerBySpringCGLIB$$f0e284eb - *** SSLClientApplication has started ***
10:52:31.770 [main] INFO  c.a.ClientApplication$$EnhancerBySpringCGLIB$$f0e284eb - *** SSLClientApplication has started ***
10:52:31.770 [main] INFO  c.a.ClientApplication$$EnhancerBySpringCGLIB$$f0e284eb - *** SSLClientApplication has started ***
10:52:32.184 [main] INFO  com.alphastar.service.HttpClientSend - [GOLD] MUTUAL AUTH SSL ONLY
10:54:18.091 [main] INFO  com.alphastar.ClientApplication - Starting ClientApplication on THEBEAST with PID 21000 (C:\source\SSLContainer\Client\target\classes started by rohan in C:\source\SSLContainer\Client)
10:54:18.094 [main] INFO  com.alphastar.ClientApplication - No active profile set, falling back to default profiles: default
10:54:18.127 [main] INFO  o.s.c.a.AnnotationConfigApplicationContext - Refreshing org.springframework.context.annotation.AnnotationConfigApplicationContext@6107227e: startup date [Sun Jul 07 10:54:18 AEST 2019]; root of context hierarchy
10:54:18.440 [main] INFO  c.a.ClientApplication$$EnhancerBySpringCGLIB$$5ba373e3 - *** SSLClientApplication has started ***
10:54:18.440 [main] INFO  c.a.ClientApplication$$EnhancerBySpringCGLIB$$5ba373e3 - *** SSLClientApplication has started ***
10:54:18.440 [main] INFO  c.a.ClientApplication$$EnhancerBySpringCGLIB$$5ba373e3 - *** SSLClientApplication has started ***
10:54:18.440 [main] INFO  c.a.ClientApplication$$EnhancerBySpringCGLIB$$5ba373e3 - *** SSLClientApplication has started ***
10:54:18.857 [main] INFO  com.alphastar.service.HttpClientSend - [GOLD] MUTUAL AUTH SSL ONLY
10:55:26.479 [main] WARN  o.s.c.a.AnnotationConfigApplicationContext - Exception encountered during context initialization - cancelling refresh attempt: org.springframework.beans.factory.BeanCreationException: Error creating bean with name 'httpClientSend': Invocation of init method failed; nested exception is java.lang.RuntimeException: java.net.SocketException: Connection reset
10:55:26.485 [main] INFO  o.s.b.a.l.ConditionEvaluationReportLoggingListener - 

Error starting ApplicationContext. To display the conditions report re-run your application with 'debug' enabled.
10:55:26.489 [main] ERROR o.s.boot.SpringApplication - Application run failed
org.springframework.beans.factory.BeanCreationException: Error creating bean with name 'httpClientSend': Invocation of init method failed; nested exception is java.lang.RuntimeException: java.net.SocketException: Connection reset
	at org.springframework.beans.factory.annotation.InitDestroyAnnotationBeanPostProcessor.postProcessBeforeInitialization(InitDestroyAnnotationBeanPostProcessor.java:139)
	at org.springframework.beans.factory.support.AbstractAutowireCapableBeanFactory.applyBeanPostProcessorsBeforeInitialization(AbstractAutowireCapableBeanFactory.java:416)
	at org.springframework.beans.factory.support.AbstractAutowireCapableBeanFactory.initializeBean(AbstractAutowireCapableBeanFactory.java:1691)
	at org.springframework.beans.factory.support.AbstractAutowireCapableBeanFactory.doCreateBean(AbstractAutowireCapableBeanFactory.java:573)
	at org.springframework.beans.factory.support.AbstractAutowireCapableBeanFactory.createBean(AbstractAutowireCapableBeanFactory.java:495)
	at org.springframework.beans.factory.support.AbstractBeanFactory.lambda$doGetBean$0(AbstractBeanFactory.java:317)
	at org.springframework.beans.factory.support.DefaultSingletonBeanRegistry.getSingleton(DefaultSingletonBeanRegistry.java:222)
	at org.springframework.beans.factory.support.AbstractBeanFactory.doGetBean(AbstractBeanFactory.java:315)
	at org.springframework.beans.factory.support.AbstractBeanFactory.getBean(AbstractBeanFactory.java:199)
	at org.springframework.beans.factory.support.DefaultListableBeanFactory.preInstantiateSingletons(DefaultListableBeanFactory.java:759)
	at org.springframework.context.support.AbstractApplicationContext.finishBeanFactoryInitialization(AbstractApplicationContext.java:869)
	at org.springframework.context.support.AbstractApplicationContext.refresh(AbstractApplicationContext.java:550)
	at org.springframework.boot.SpringApplication.refresh(SpringApplication.java:780)
	at org.springframework.boot.SpringApplication.refreshContext(SpringApplication.java:412)
	at org.springframework.boot.SpringApplication.run(SpringApplication.java:333)
	at org.springframework.boot.SpringApplication.run(SpringApplication.java:1277)
	at org.springframework.boot.SpringApplication.run(SpringApplication.java:1265)
	at com.alphastar.ClientApplication.main(ClientApplication.java:20)
Caused by: java.lang.RuntimeException: java.net.SocketException: Connection reset
	at com.alphastar.service.HttpClientSend.go(HttpClientSend.java:101)
	at sun.reflect.NativeMethodAccessorImpl.invoke0(Native Method)
	at sun.reflect.NativeMethodAccessorImpl.invoke(NativeMethodAccessorImpl.java:62)
	at sun.reflect.DelegatingMethodAccessorImpl.invoke(DelegatingMethodAccessorImpl.java:43)
	at java.lang.reflect.Method.invoke(Method.java:498)
	at org.springframework.beans.factory.annotation.InitDestroyAnnotationBeanPostProcessor$LifecycleElement.invoke(InitDestroyAnnotationBeanPostProcessor.java:366)
	at org.springframework.beans.factory.annotation.InitDestroyAnnotationBeanPostProcessor$LifecycleMetadata.invokeInitMethods(InitDestroyAnnotationBeanPostProcessor.java:309)
	at org.springframework.beans.factory.annotation.InitDestroyAnnotationBeanPostProcessor.postProcessBeforeInitialization(InitDestroyAnnotationBeanPostProcessor.java:136)
	... 17 common frames omitted
Caused by: java.net.SocketException: Connection reset
	at java.net.SocketInputStream.read(SocketInputStream.java:210)
	at java.net.SocketInputStream.read(SocketInputStream.java:141)
	at sun.security.ssl.InputRecord.readFully(InputRecord.java:465)
	at sun.security.ssl.InputRecord.read(InputRecord.java:503)
	at sun.security.ssl.SSLSocketImpl.readRecord(SSLSocketImpl.java:983)
	at sun.security.ssl.SSLSocketImpl.readDataRecord(SSLSocketImpl.java:940)
	at sun.security.ssl.AppInputStream.read(AppInputStream.java:105)
	at org.apache.http.impl.io.SessionInputBufferImpl.streamRead(SessionInputBufferImpl.java:137)
	at org.apache.http.impl.io.SessionInputBufferImpl.fillBuffer(SessionInputBufferImpl.java:153)
	at org.apache.http.impl.io.SessionInputBufferImpl.readLine(SessionInputBufferImpl.java:282)
	at org.apache.http.impl.conn.DefaultHttpResponseParser.parseHead(DefaultHttpResponseParser.java:138)
	at org.apache.http.impl.conn.DefaultHttpResponseParser.parseHead(DefaultHttpResponseParser.java:56)
	at org.apache.http.impl.io.AbstractMessageParser.parse(AbstractMessageParser.java:259)
	at org.apache.http.impl.DefaultBHttpClientConnection.receiveResponseHeader(DefaultBHttpClientConnection.java:163)
	at org.apache.http.impl.conn.CPoolProxy.receiveResponseHeader(CPoolProxy.java:157)
	at org.apache.http.protocol.HttpRequestExecutor.doReceiveResponse(HttpRequestExecutor.java:273)
	at org.apache.http.protocol.HttpRequestExecutor.execute(HttpRequestExecutor.java:125)
	at org.apache.http.impl.execchain.MainClientExec.execute(MainClientExec.java:272)
	at org.apache.http.impl.execchain.ProtocolExec.execute(ProtocolExec.java:186)
	at org.apache.http.impl.execchain.RetryExec.execute(RetryExec.java:89)
	at org.apache.http.impl.execchain.RedirectExec.execute(RedirectExec.java:110)
	at org.apache.http.impl.client.InternalHttpClient.doExecute(InternalHttpClient.java:185)
	at org.apache.http.impl.client.CloseableHttpClient.execute(CloseableHttpClient.java:83)
	at org.apache.http.impl.client.CloseableHttpClient.execute(CloseableHttpClient.java:108)
	at com.alphastar.service.HttpClientSend.go(HttpClientSend.java:85)
	... 24 common frames omitted
10:58:16.989 [main] INFO  com.alphastar.ClientApplication - Starting ClientApplication on THEBEAST with PID 4928 (C:\source\SSLContainer\Client\target\classes started by rohan in C:\source\SSLContainer\Client)
10:58:16.992 [main] INFO  com.alphastar.ClientApplication - No active profile set, falling back to default profiles: default
10:58:17.026 [main] INFO  o.s.c.a.AnnotationConfigApplicationContext - Refreshing org.springframework.context.annotation.AnnotationConfigApplicationContext@6156496: startup date [Sun Jul 07 10:58:17 AEST 2019]; root of context hierarchy
10:58:17.347 [main] INFO  c.a.ClientApplication$$EnhancerBySpringCGLIB$$c61df34a - *** SSLClientApplication has started ***
10:58:17.347 [main] INFO  c.a.ClientApplication$$EnhancerBySpringCGLIB$$c61df34a - *** SSLClientApplication has started ***
10:58:17.347 [main] INFO  c.a.ClientApplication$$EnhancerBySpringCGLIB$$c61df34a - *** SSLClientApplication has started ***
10:58:17.347 [main] INFO  c.a.ClientApplication$$EnhancerBySpringCGLIB$$c61df34a - *** SSLClientApplication has started ***
10:58:17.759 [main] INFO  com.alphastar.service.HttpClientSend - [GOLD] MUTUAL AUTH SSL ONLY
10:58:24.781 [main] INFO  com.alphastar.service.HttpClientSend - Response Code: 200
10:58:24.782 [main] INFO  com.alphastar.service.HttpClientSend - [BRONZE] FORBIDDEN BY ANTMATCHER
10:58:24.809 [main] INFO  com.alphastar.service.HttpClientSend - Response Code: 403
10:58:24.809 [main] INFO  com.alphastar.service.HttpClientSend - [SILVER] ALLOW ALL BY ANTMATCHER
10:58:24.820 [main] INFO  com.alphastar.service.HttpClientSend - Response Code: 200
10:58:25.009 [main] INFO  o.s.j.e.a.AnnotationMBeanExporter - Registering beans for JMX exposure on startup
10:58:25.020 [main] INFO  com.alphastar.ClientApplication - Started ClientApplication in 8.214 seconds (JVM running for 8.568)
10:58:25.023 [Thread-2] INFO  o.s.c.a.AnnotationConfigApplicationContext - Closing org.springframework.context.annotation.AnnotationConfigApplicationContext@6156496: startup date [Sun Jul 07 10:58:17 AEST 2019]; root of context hierarchy
10:58:25.025 [Thread-2] INFO  o.s.j.e.a.AnnotationMBeanExporter - Unregistering JMX-exposed beans on shutdown
10:58:32.223 [main] INFO  com.alphastar.ClientApplication - Starting ClientApplication on THEBEAST with PID 6424 (C:\source\SSLContainer\Client\target\classes started by rohan in C:\source\SSLContainer\Client)
10:58:32.225 [main] INFO  com.alphastar.ClientApplication - No active profile set, falling back to default profiles: default
10:58:32.258 [main] INFO  o.s.c.a.AnnotationConfigApplicationContext - Refreshing org.springframework.context.annotation.AnnotationConfigApplicationContext@37e547da: startup date [Sun Jul 07 10:58:32 AEST 2019]; root of context hierarchy
10:58:32.572 [main] INFO  c.a.ClientApplication$$EnhancerBySpringCGLIB$$fd5cdc4b - *** SSLClientApplication has started ***
10:58:32.572 [main] INFO  c.a.ClientApplication$$EnhancerBySpringCGLIB$$fd5cdc4b - *** SSLClientApplication has started ***
10:58:32.572 [main] INFO  c.a.ClientApplication$$EnhancerBySpringCGLIB$$fd5cdc4b - *** SSLClientApplication has started ***
10:58:32.572 [main] INFO  c.a.ClientApplication$$EnhancerBySpringCGLIB$$fd5cdc4b - *** SSLClientApplication has started ***
10:58:32.978 [main] INFO  com.alphastar.service.HttpClientSend - [GOLD] MUTUAL AUTH SSL ONLY
10:58:41.346 [main] INFO  com.alphastar.service.HttpClientSend - Response Code: 200
10:58:41.346 [main] INFO  com.alphastar.service.HttpClientSend - [BRONZE] FORBIDDEN BY ANTMATCHER
10:58:41.356 [main] INFO  com.alphastar.service.HttpClientSend - Response Code: 403
10:58:41.356 [main] INFO  com.alphastar.service.HttpClientSend - [SILVER] ALLOW ALL BY ANTMATCHER
10:58:41.365 [main] INFO  com.alphastar.service.HttpClientSend - Response Code: 200
10:58:41.496 [main] INFO  o.s.j.e.a.AnnotationMBeanExporter - Registering beans for JMX exposure on startup
10:58:41.506 [main] INFO  com.alphastar.ClientApplication - Started ClientApplication in 9.465 seconds (JVM running for 9.813)
10:58:41.508 [Thread-2] INFO  o.s.c.a.AnnotationConfigApplicationContext - Closing org.springframework.context.annotation.AnnotationConfigApplicationContext@37e547da: startup date [Sun Jul 07 10:58:32 AEST 2019]; root of context hierarchy
10:58:41.509 [Thread-2] INFO  o.s.j.e.a.AnnotationMBeanExporter - Unregistering JMX-exposed beans on shutdown
11:25:54.254 [main] INFO  com.alphastar.ClientApplication - Starting ClientApplication on THEBEAST with PID 7448 (C:\source\ssl-mutual-auth\Client\target\classes started by rohan in C:\source\ssl-mutual-auth\Client)
11:25:54.258 [main] INFO  com.alphastar.ClientApplication - No active profile set, falling back to default profiles: default
11:25:54.291 [main] INFO  o.s.c.a.AnnotationConfigApplicationContext - Refreshing org.springframework.context.annotation.AnnotationConfigApplicationContext@475e586c: startup date [Sun Jul 07 11:25:54 AEST 2019]; root of context hierarchy
11:25:54.610 [main] INFO  c.a.ClientApplication$$EnhancerBySpringCGLIB$$6022ba0d - *** SSLClientApplication has started ***
11:25:54.610 [main] INFO  c.a.ClientApplication$$EnhancerBySpringCGLIB$$6022ba0d - *** SSLClientApplication has started ***
11:25:54.610 [main] INFO  c.a.ClientApplication$$EnhancerBySpringCGLIB$$6022ba0d - *** SSLClientApplication has started ***
11:25:54.610 [main] INFO  c.a.ClientApplication$$EnhancerBySpringCGLIB$$6022ba0d - *** SSLClientApplication has started ***
11:25:55.032 [main] INFO  com.alphastar.service.HttpClientSend - [GOLD] MUTUAL AUTH SSL ONLY
11:25:55.345 [main] INFO  com.alphastar.service.HttpClientSend - Response Code: 200
11:25:55.345 [main] INFO  com.alphastar.service.HttpClientSend - [BRONZE] FORBIDDEN BY ANTMATCHER
11:25:55.368 [main] INFO  com.alphastar.service.HttpClientSend - Response Code: 403
11:25:55.369 [main] INFO  com.alphastar.service.HttpClientSend - [SILVER] ALLOW ALL BY ANTMATCHER
11:25:55.380 [main] INFO  com.alphastar.service.HttpClientSend - Response Code: 200
11:25:55.554 [main] INFO  o.s.j.e.a.AnnotationMBeanExporter - Registering beans for JMX exposure on startup
11:25:55.564 [main] INFO  com.alphastar.ClientApplication - Started ClientApplication in 1.492 seconds (JVM running for 1.845)
11:25:55.566 [Thread-2] INFO  o.s.c.a.AnnotationConfigApplicationContext - Closing org.springframework.context.annotation.AnnotationConfigApplicationContext@475e586c: startup date [Sun Jul 07 11:25:54 AEST 2019]; root of context hierarchy
11:25:55.568 [Thread-2] INFO  o.s.j.e.a.AnnotationMBeanExporter - Unregistering JMX-exposed beans on shutdown
